
DEBUGGER...........................

DEBUGGER...........................

DEBUGGER...........................

TRACER............................
Tracing the element: 62t
Traced Execution....
Rule: table2_er2rl
Traced Execution....
Element: role
Metamodel: er
xmi:id is 
DEBUGGER...........................

DEBUGGER...........................

DEBUGGER...........................

DEBUGGER...........................
ok

DEBUGGER...........................
ok

DEBUGGER...........................
ok
ok

DEBUGGER...........................
